<?xml version="1.0" encoding="UTF-8"?>
<!-- Generated by org.testng.reporters.JUnitReportReporter -->
<testsuite skipped="0" hostname="DESKTOP-UPSQUGU" name="com.jakartalabs.fullstack_answer.TestNGExamples" tests="4" failures="0" timestamp="2021-04-10T15:00:19 ICT" time="0.000" errors="0">
  <testcase name="test2" time="0.000" classname="com.jakartalabs.fullstack_answer.TestNGExamples"/>
  <system-out/>
  <testcase name="test2b" time="0.000" classname="com.jakartalabs.fullstack_answer.TestNGExamples"/>
  <system-out/>
  <testcase name="test2a" time="0.000" classname="com.jakartalabs.fullstack_answer.TestNGExamples"/>
  <system-out/>
  <testcase name="test1" time="0.000" classname="com.jakartalabs.fullstack_answer.TestNGExamples"/>
  <system-out/>
</testsuite> <!-- com.jakartalabs.fullstack_answer.TestNGExamples -->
