<?xml version="1.0" encoding="UTF-8"?>
<!-- Generated by org.testng.reporters.JUnitReportReporter -->
<testsuite skipped="0" hostname="DESKTOP-UPSQUGU" name="com.jakartalabs.fullstack_answer.TestAPI" tests="4" failures="0" timestamp="2021-04-11T03:46:05 ICT" time="7.828" errors="0">
  <testcase name="testRegisterAPI" time="3.549" classname="com.jakartalabs.fullstack_answer.TestAPI"/>
  <system-out/>
  <testcase name="testChangeCurrencyAPI" time="1.560" classname="com.jakartalabs.fullstack_answer.TestAPI"/>
  <system-out/>
  <testcase name="testCheckProfileAPI" time="1.394" classname="com.jakartalabs.fullstack_answer.TestAPI"/>
  <system-out/>
  <testcase name="testLogoutAPI" time="1.325" classname="com.jakartalabs.fullstack_answer.TestAPI"/>
  <system-out/>
</testsuite> <!-- com.jakartalabs.fullstack_answer.TestAPI -->
