<?xml version="1.0" encoding="UTF-8"?>
<!-- Generated by org.testng.reporters.JUnitReportReporter -->
<testsuite skipped="0" hostname="DESKTOP-UPSQUGU" name="com.jakartalabs.fullstack_answer.TestUI" tests="7" failures="0" timestamp="2021-04-11T02:32:06 ICT" time="-1618083200.000" errors="1">
  <testcase name="cleanup" time="-1618083200.000" classname="com.jakartalabs.fullstack_answer.TestUI">
    <error type="org.testng.TestNGException" message="
Can inject only one of &lt;ITestContext, XmlTest&gt; into a @AfterSuite annotated cleanup.
For more information on native dependency injection please refer to https://testng.org/doc/documentation-main.html#native-dependency-injection">
      <![CDATA[org.testng.TestNGException: 
Can inject only one of <ITestContext, XmlTest> into a @AfterSuite annotated cleanup.
For more information on native dependency injection please refer to https://testng.org/doc/documentation-main.html#native-dependency-injection
at org.testng.internal.Parameters.checkParameterTypes(Parameters.java:439)
at org.testng.internal.Parameters.createParametersForMethod(Parameters.java:353)
at org.testng.internal.Parameters.createParameters(Parameters.java:708)
at org.testng.internal.Parameters.createConfigurationParameters(Parameters.java:168)
at org.testng.internal.ConfigInvoker.invokeConfigurations(ConfigInvoker.java:302)
at org.testng.SuiteRunner.privateRun(SuiteRunner.java:344)
at org.testng.SuiteRunner.run(SuiteRunner.java:276)
at org.testng.SuiteRunnerWorker.runSuite(SuiteRunnerWorker.java:53)
at org.testng.SuiteRunnerWorker.run(SuiteRunnerWorker.java:96)
at org.testng.TestNG.runSuitesSequentially(TestNG.java:1212)
at org.testng.TestNG.runSuitesLocally(TestNG.java:1134)
at org.testng.TestNG.runSuites(TestNG.java:1063)
at org.testng.TestNG.run(TestNG.java:1031)
at org.testng.remote.AbstractRemoteTestNG.run(AbstractRemoteTestNG.java:115)
at org.testng.remote.RemoteTestNG.initAndRun(RemoteTestNG.java:251)
at org.testng.remote.RemoteTestNG.main(RemoteTestNG.java:77)
]]>
    </error>
  </testcase> <!-- cleanup -->
  <system-out/>
  <testcase name="testLoginUI" time="7.352" classname="com.jakartalabs.fullstack_answer.TestUI"/>
  <system-out/>
  <testcase name="testSelectProjectUI" time="5.335" classname="com.jakartalabs.fullstack_answer.TestUI"/>
  <system-out/>
  <testcase name="testFeaturesUI" time="10.702" classname="com.jakartalabs.fullstack_answer.TestUI"/>
  <system-out/>
  <testcase name="testDeliveryUI" time="5.112" classname="com.jakartalabs.fullstack_answer.TestUI"/>
  <system-out/>
  <testcase name="testSaveTemplateUI" time="16.894" classname="com.jakartalabs.fullstack_answer.TestUI"/>
  <system-out/>
  <testcase name="testDeleteTemplateUI" time="20.379" classname="com.jakartalabs.fullstack_answer.TestUI"/>
  <system-out/>
</testsuite> <!-- com.jakartalabs.fullstack_answer.TestUI -->
